<?xml version="1.0" encoding="UTF-8"?>
<!-- Generated by org.testng.reporters.JUnitReportReporter -->
<testsuite skipped="0" hostname="DESKTOP-E3S40KF" name="PkgTest.Google3" tests="2" failures="0" timestamp="2020-03-28T12:18:29 IST" time="29.956" errors="0">
  <testcase name="launchGoogle3C" time="13.434" classname="PkgTest.Google3"/>
  <system-out/>
  <testcase name="launchGoogle3C" time="16.522" classname="PkgTest.Google3"/>
  <system-out/>
</testsuite> <!-- PkgTest.Google3 -->
