<?xml version="1.0" encoding="UTF-8"?>
<!-- Generated by org.testng.reporters.JUnitReportReporter -->
<testsuite skipped="0" hostname="DESKTOP-E3S40KF" name="PkgTest.Google2" tests="3" failures="0" timestamp="2020-03-28T11:50:30 IST" time="34.595" errors="0">
  <testcase name="launchGoogle2B" time="10.789" classname="PkgTest.Google2"/>
  <system-out/>
  <testcase name="launchGoogle2A" time="12.019" classname="PkgTest.Google2"/>
  <system-out/>
  <testcase name="launchGoogle2" time="11.787" classname="PkgTest.Google2"/>
  <system-out/>
</testsuite> <!-- PkgTest.Google2 -->
