<?xml version="1.0" encoding="UTF-8"?>
<!-- Generated by org.testng.reporters.JUnitReportReporter -->
<testsuite skipped="0" hostname="DESKTOP-E3S40KF" name="PkgTest.Google1" tests="1" failures="0" timestamp="2020-03-27T19:36:25 IST" time="20.678" errors="0">
  <testcase name="launchGoogle" time="20.678" classname="PkgTest.Google1"/>
  <system-out/>
</testsuite> <!-- PkgTest.Google1 -->
