<?xml version="1.0" encoding="UTF-8"?>
<!-- Generated by org.testng.reporters.JUnitReportReporter -->
<testsuite skipped="0" hostname="DESKTOP-E3S40KF" name="GoogleTest" tests="1" failures="0" timestamp="2020-03-24T12:44:21 IST" time="65.914" errors="0">
  <testcase name="f" time="65.914" classname="GoogleTest"/>
  <system-out/>
</testsuite> <!-- GoogleTest -->
